[    0.000000] Initializing cgroup subsys cpuset
[    0.000000] Initializing cgroup subsys cpu
[    0.000000] Initializing cgroup subsys cpuacct
[    0.000000] Linux version 4.4.0-210-generic (buildd@lgw01-amd64-009) (gcc version 5.4.0 20160609 (Ubuntu 5.4.0-6ubuntu1~16.04.12) ) #242-Ubuntu SMP Fri Apr 16 09:57:56 UTC 2021 (Ubuntu 4.4.0-210.242-generic 4.4.262)
[    0.000000] Command line: BOOT_IMAGE=/boot/vmlinuz-4.4.0-210-generic root=LABEL=cloudimg-rootfs ro console=tty1 console=ttyS0
[    0.000000] KERNEL supported cpus:
[    0.000000]   Intel GenuineIntel
[    0.000000]   AMD AuthenticAMD
[    0.000000]   Centaur CentaurHauls
[    0.000000] x86/fpu: Legacy x87 FPU detected.
[    0.000000] e820: BIOS-provided physical RAM map:
[    0.000000] BIOS-e820: [mem 0x0000000000000000-0x000000000009fbff] usable
[    0.000000] BIOS-e820: [mem 0x000000000009fc00-0x000000000009ffff] reserved
[    0.000000] BIOS-e820: [mem 0x00000000000f0000-0x00000000000fffff] reserved
[    0.000000] BIOS-e820: [mem 0x0000000000100000-0x000000001ffeffff] usable
[    0.000000] BIOS-e820: [mem 0x000000001fff0000-0x000000001fffffff] ACPI data
[    0.000000] BIOS-e820: [mem 0x00000000fec00000-0x00000000fec00fff] reserved
[    0.000000] BIOS-e820: [mem 0x00000000fee00000-0x00000000fee00fff] reserved
[    0.000000] BIOS-e820: [mem 0x00000000fffc0000-0x00000000ffffffff] reserved
[    0.000000] NX (Execute Disable) protection: active
[    0.000000] SMBIOS 2.5 present.
[    0.000000] Hypervisor detected: KVM
[    0.000000] e820: last_pfn = 0x1fff0 max_arch_pfn = 0x400000000
[    0.000000] MTRR: Disabled
[    0.000000] x86/PAT: MTRRs disabled, skipping PAT initialization too.
[    0.000000] CPU MTRRs all blank - virtualized system.
[    0.000000] x86/PAT: Configuration [0-7]: WB  WT  UC- UC  WB  WT  UC- UC  
[    0.000000] found SMP MP-table at [mem 0x0009fff0-0x0009ffff] mapped at [ffff88000009fff0]
[    0.000000] Scanning 1 areas for low memory corruption
[    0.000000] RAMDISK: [mem 0x1e87d000-0x1f705fff]
[    0.000000] ACPI: Early table checksum verification disabled
[    0.000000] ACPI: RSDP 0x00000000000E0000 000024 (v02 VBOX  )
[    0.000000] ACPI: XSDT 0x000000001FFF0030 00003C (v01 VBOX   VBOXXSDT 00000001 ASL  00000061)
[    0.000000] ACPI: FACP 0x000000001FFF00F0 0000F4 (v04 VBOX   VBOXFACP 00000001 ASL  00000061)
[    0.000000] ACPI: DSDT 0x000000001FFF0470 002325 (v02 VBOX   VBOXBIOS 00000002 INTL 20100528)
[    0.000000] ACPI: FACS 0x000000001FFF0200 000040
[    0.000000] ACPI: FACS 0x000000001FFF0200 000040
[    0.000000] ACPI: APIC 0x000000001FFF0240 000054 (v02 VBOX   VBOXAPIC 00000001 ASL  00000061)
[    0.000000] ACPI: SSDT 0x000000001FFF02A0 0001CC (v01 VBOX   VBOXCPUT 00000002 INTL 20100528)
[    0.000000] No NUMA configuration found
[    0.000000] Faking a node at [mem 0x0000000000000000-0x000000001ffeffff]
[    0.000000] NODE_DATA(0) allocated [mem 0x1ffeb000-0x1ffeffff]
[    0.000000] kvm-clock: Using msrs 4b564d01 and 4b564d00
[    0.000000] kvm-clock: cpu 0, msr 0:1ffe3001, primary cpu clock
[    0.000000] kvm-clock: using sched offset of 5025447512 cycles
[    0.000000] clocksource: kvm-clock: mask: 0xffffffffffffffff max_cycles: 0x1cd42e4dffb, max_idle_ns: 881590591483 ns
[    0.000000] Zone ranges:
[    0.000000]   DMA      [mem 0x0000000000001000-0x0000000000ffffff]
[    0.000000]   DMA32    [mem 0x0000000001000000-0x000000001ffeffff]
[    0.000000]   Normal   empty
[    0.000000]   Device   empty
[    0.000000] Movable zone start for each node
[    0.000000] Early memory node ranges
[    0.000000]   node   0: [mem 0x0000000000001000-0x000000000009efff]
[    0.000000]   node   0: [mem 0x0000000000100000-0x000000001ffeffff]
[    0.000000] Initmem setup node 0 [mem 0x0000000000001000-0x000000001ffeffff]
[    0.000000] ACPI: PM-Timer IO Port: 0x4008
[    0.000000] IOAPIC[0]: apic_id 1, version 32, address 0xfec00000, GSI 0-23
[    0.000000] ACPI: INT_SRC_OVR (bus 0 bus_irq 0 global_irq 2 dfl dfl)
[    0.000000] ACPI: INT_SRC_OVR (bus 0 bus_irq 9 global_irq 9 low level)
[    0.000000] Using ACPI (MADT) for SMP configuration information
[    0.000000] smpboot: Allowing 1 CPUs, 0 hotplug CPUs
[    0.000000] PM: Registered nosave memory: [mem 0x00000000-0x00000fff]
[    0.000000] PM: Registered nosave memory: [mem 0x0009f000-0x0009ffff]
[    0.000000] PM: Registered nosave memory: [mem 0x000a0000-0x000effff]
[    0.000000] PM: Registered nosave memory: [mem 0x000f0000-0x000fffff]
[    0.000000] e820: [mem 0x20000000-0xfebfffff] available for PCI devices
[    0.000000] Booting paravirtualized kernel on KVM
[    0.000000] clocksource: refined-jiffies: mask: 0xffffffff max_cycles: 0xffffffff, max_idle_ns: 7645519600211568 ns
[    0.000000] setup_percpu: NR_CPUS:512 nr_cpumask_bits:512 nr_cpu_ids:1 nr_node_ids:1
[    0.000000] PERCPU: Embedded 33 pages/cpu @ffff88001fc00000 s95192 r8192 d31784 u2097152
[    0.000000] Built 1 zonelists in Node order, mobility grouping on.  Total pages: 128888
[    0.000000] Policy zone: DMA32
[    0.000000] Kernel command line: BOOT_IMAGE=/boot/vmlinuz-4.4.0-210-generic root=LABEL=cloudimg-rootfs ro console=tty1 console=ttyS0
[    0.000000] PID hash table entries: 2048 (order: 2, 16384 bytes)
[    0.000000] Memory: 481848K/523832K available (8644K kernel code, 1332K rwdata, 4044K rodata, 1492K init, 1164K bss, 41984K reserved, 0K cma-reserved)
[    0.000000] SLUB: HWalign=64, Order=0-3, MinObjects=0, CPUs=1, Nodes=1
[    0.000000] Kernel/User page tables isolation: enabled
[    0.000000] Hierarchical RCU implementation.
[    0.000000] 	Build-time adjustment of leaf fanout to 64.
[    0.000000] 	RCU restricting CPUs from NR_CPUS=512 to nr_cpu_ids=1.
[    0.000000] RCU: Adjusting geometry for rcu_fanout_leaf=64, nr_cpu_ids=1
[    0.000000] NR_IRQS:33024 nr_irqs:256 16
[    0.000000] Console: colour VGA+ 80x25
[    0.000000] console [tty1] enabled
[    0.000000] console [ttyS0] enabled
[    0.000000] tsc: Detected 2904.000 MHz processor
[    0.715796] Calibrating delay loop (skipped) preset value.. 5808.00 BogoMIPS (lpj=11616000)
[    0.725363] pid_max: default: 32768 minimum: 301
[    0.732443] ACPI: Core revision 20150930
[    0.739362] ACPI: 2 ACPI AML tables successfully acquired and loaded
[    0.751215] Security Framework initialized
[    0.757904] Yama: becoming mindful.
[    0.763064] AppArmor: AppArmor initialized
[    0.772128] Dentry cache hash table entries: 65536 (order: 7, 524288 bytes)
[    0.786577] Inode-cache hash table entries: 32768 (order: 6, 262144 bytes)
[    0.795479] Mount-cache hash table entries: 1024 (order: 1, 8192 bytes)
[    0.808070] Mountpoint-cache hash table entries: 1024 (order: 1, 8192 bytes)
[    0.817754] Initializing cgroup subsys io
[    0.826830] Initializing cgroup subsys memory
[    0.833175] Initializing cgroup subsys devices
[    0.841571] Initializing cgroup subsys freezer
[    0.848042] Initializing cgroup subsys net_cls
[    0.854672] Initializing cgroup subsys perf_event
[    0.860587] Initializing cgroup subsys net_prio
[    0.867323] Initializing cgroup subsys hugetlb
[    0.872690] Initializing cgroup subsys pids
[    0.878428] mce: CPU supports 0 MCE banks
[    0.883483] Last level iTLB entries: 4KB 64, 2MB 8, 4MB 8
[    0.889577] Last level dTLB entries: 4KB 64, 2MB 0, 4MB 0, 1GB 4
[    0.896191] Spectre V1 : Mitigation: usercopy/swapgs barriers and __user pointer sanitization
[    0.906008] Spectre V2 : Mitigation: Full generic retpoline
[    0.913174] Spectre V2 : Spectre v2 / SpectreRSB mitigation: Filling RSB on context switch
[    0.922149] Speculative Store Bypass: Vulnerable
[    0.928123] MDS: Mitigation: Clear CPU buffers
[    1.184073] Freeing SMP alternatives memory: 36K
[    1.295711] ftrace: allocating 32380 entries in 127 pages
[    2.058446] smpboot: APIC(0) Converting physical 0 to logical package 0
[    2.066176] smpboot: Max logical packages: 1
[    2.090792] ..TIMER: vector=0x30 apic1=0 pin1=2 apic2=-1 pin2=-1
[    2.207518] smpboot: CPU0: Intel(R) Core(TM) i7-7500U CPU @ 2.70GHz (family: 0x6, model: 0x8e, stepping: 0x9)
[    2.221782] Performance Events: unsupported p6 CPU model 142 no PMU driver, software events only.
[    2.348820] KVM setup paravirtual spinlock
[    2.355677] x86: Booted up 1 node, 1 CPUs
[    2.360534] smpboot: Total of 1 processors activated (5808.00 BogoMIPS)
[    2.373543] devtmpfs: initialized
[    2.379063] evm: security.selinux
[    2.382724] evm: security.SMACK64
[    2.386189] evm: security.SMACK64EXEC
[    2.390634] evm: security.SMACK64TRANSMUTE
[    2.395073] evm: security.SMACK64MMAP
[    2.399322] evm: security.ima
[    2.405395] evm: security.capability
[    2.409942] clocksource: jiffies: mask: 0xffffffff max_cycles: 0xffffffff, max_idle_ns: 7645041785100000 ns
[    2.420425] futex hash table entries: 256 (order: 2, 16384 bytes)
[    2.427039] pinctrl core: initialized pinctrl subsystem
[    2.433751] RTC time: 20:30:17, date: 06/08/21
[    2.438906] NET: Registered protocol family 16
[    2.445576] cpuidle: using governor ladder
[    2.451262] cpuidle: using governor menu
[    2.458498] PCCT header not found.
[    2.462917] ACPI: bus type PCI registered
[    2.468146] acpiphp: ACPI Hot Plug PCI Controller Driver version: 0.5
[    2.476023] PCI: Using configuration type 1 for base access
[    2.485270] ACPI: Added _OSI(Module Device)
[    2.492283] ACPI: Added _OSI(Processor Device)
[    2.500575] ACPI: Added _OSI(3.0 _SCP Extensions)
[    2.506180] ACPI: Added _OSI(Processor Aggregator Device)
[    2.513600] ACPI: Executed 1 blocks of module-level executable AML code
[    2.525670] ACPI: Interpreter enabled
[    2.530945] ACPI: (supports S0 S5)
[    2.535147] ACPI: Using IOAPIC for interrupt routing
[    2.543075] PCI: Using host bridge windows from ACPI; if necessary, use "pci=nocrs" and report a bug
[    2.562264] ACPI: PCI Root Bridge [PCI0] (domain 0000 [bus 00-ff])
[    2.569457] acpi PNP0A03:00: _OSC: OS supports [ASPM ClockPM Segments MSI]
[    2.579251] acpi PNP0A03:00: _OSC: not requesting OS control; OS requires [ExtendedConfig ASPM ClockPM MSI]
[    2.589402] acpi PNP0A03:00: fail to add MMCONFIG information, can't access extended PCI configuration space under this bridge.
[    2.602627] PCI host bridge to bus 0000:00
[    2.607634] pci_bus 0000:00: root bus resource [io  0x0000-0x0cf7 window]
[    2.618782] pci_bus 0000:00: root bus resource [io  0x0d00-0xffff window]
[    2.625927] pci_bus 0000:00: root bus resource [mem 0x000a0000-0x000bffff window]
[    2.634976] pci_bus 0000:00: root bus resource [mem 0x20000000-0xfdffffff window]
[    2.646958] pci_bus 0000:00: root bus resource [bus 00-ff]
[    2.662539] pci 0000:00:01.1: legacy IDE quirk: reg 0x10: [io  0x01f0-0x01f7]
[    2.670210] pci 0000:00:01.1: legacy IDE quirk: reg 0x14: [io  0x03f6]
[    2.682521] pci 0000:00:01.1: legacy IDE quirk: reg 0x18: [io  0x0170-0x0177]
[    2.690004] pci 0000:00:01.1: legacy IDE quirk: reg 0x1c: [io  0x0376]
[    2.934025] pci 0000:00:07.0: quirk: [io  0x4000-0x403f] claimed by PIIX4 ACPI
[    2.943724] pci 0000:00:07.0: quirk: [io  0x4100-0x410f] claimed by PIIX4 SMB
[    2.966149] ACPI: PCI Interrupt Link [LNKA] (IRQs 5 9 10 *11)
[    2.975757] ACPI: PCI Interrupt Link [LNKB] (IRQs 5 9 *10 11)
[    2.987253] ACPI: PCI Interrupt Link [LNKC] (IRQs 5 *9 10 11)
[    3.000142] ACPI: PCI Interrupt Link [LNKD] (IRQs 5 9 10 *11)
[    3.011555] ACPI: Enabled 2 GPEs in block 00 to 07
[    3.021084] vgaarb: setting as boot device: PCI:0000:00:02.0
[    3.033531] vgaarb: device added: PCI:0000:00:02.0,decodes=io+mem,owns=io+mem,locks=none
[    3.077634] vgaarb: loaded
[    3.081756] vgaarb: bridge control possible 0000:00:02.0
[    3.090026] SCSI subsystem initialized
[    3.095607] ACPI: bus type USB registered
[    3.101428] usbcore: registered new interface driver usbfs
[    3.108993] usbcore: registered new interface driver hub
[    3.118169] usbcore: registered new device driver usb
[    3.124398] PCI: Using ACPI for IRQ routing
[    3.132876] NetLabel: Initializing
[    3.136663] NetLabel:  domain hash size = 128
[    3.141431] NetLabel:  protocols = UNLABELED CIPSOv4
[    3.148887] NetLabel:  unlabeled traffic allowed by default
[    3.158777] amd_nb: Cannot enumerate AMD northbridges
[    3.165856] clocksource: Switched to clocksource kvm-clock
[    3.207770] AppArmor: AppArmor Filesystem Enabled
[    3.212993] pnp: PnP ACPI init
[    3.219635] pnp: PnP ACPI: found 3 devices
[    3.232653] clocksource: acpi_pm: mask: 0xffffff max_cycles: 0xffffff, max_idle_ns: 2085701024 ns
[    3.244461] NET: Registered protocol family 2
[    3.250571] TCP established hash table entries: 4096 (order: 3, 32768 bytes)
[    3.258652] TCP bind hash table entries: 4096 (order: 4, 65536 bytes)
[    3.265682] TCP: Hash tables configured (established 4096 bind 4096)
[    3.273367] UDP hash table entries: 256 (order: 1, 8192 bytes)
[    3.279910] UDP-Lite hash table entries: 256 (order: 1, 8192 bytes)
[    3.287575] NET: Registered protocol family 1
[    3.292415] pci 0000:00:00.0: Limiting direct PCI/PCI transfers
[    3.298944] pci 0000:00:01.0: Activating ISA DMA hang workarounds
[    3.306200] Unpacking initramfs...
[    3.814663] Freeing initrd memory: 14884K
[    3.823161] clocksource: tsc: mask: 0xffffffffffffffff max_cycles: 0x29dc05e54fc, max_idle_ns: 440795291716 ns
[    3.834144] platform rtc_cmos: registered platform RTC device (no PNP device found)
[    3.844886] Scanning for low memory corruption every 60 seconds
[    3.852574] audit: initializing netlink subsys (disabled)
[    3.858788] audit: type=2000 audit(1623184223.068:1): initialized
[    3.869418] Initialise system trusted keyring
[    3.874775] HugeTLB registered 2 MB page size, pre-allocated 0 pages
[    3.884271] zbud: loaded
[    3.888080] VFS: Disk quotas dquot_6.6.0
[    3.893025] VFS: Dquot-cache hash table entries: 512 (order 0, 4096 bytes)
[    3.900827] squashfs: version 4.0 (2009/01/31) Phillip Lougher
[    3.910254] fuse init (API version 7.23)
[    3.914998] Key type big_key registered
[    3.919828] Allocating IMA MOK and blacklist keyrings.
[    3.927386] Key type asymmetric registered
[    3.932337] Asymmetric key parser 'x509' registered
[    3.937536] Block layer SCSI generic (bsg) driver version 0.4 loaded (major 249)
[    3.946502] io scheduler noop registered
[    3.953680] io scheduler deadline registered (default)
[    3.960779] io scheduler cfq registered
[    3.965695] pci_hotplug: PCI Hot Plug PCI Core version: 0.5
[    3.971845] pciehp: PCI Express Hot Plug Controller Driver version: 0.4
[    3.979184] ACPI: AC Adapter [AC] (on-line)
[    3.983917] input: Power Button as /devices/LNXSYSTM:00/LNXPWRBN:00/input/input0
[    3.993212] ACPI: Power Button [PWRF]
[    3.997540] input: Sleep Button as /devices/LNXSYSTM:00/LNXSLPBN:00/input/input1
[    4.005444] ACPI: Sleep Button [SLPF]
[    4.011557] ACPI: Battery Slot [BAT0] (battery present)
[    4.017161] GHES: HEST is not enabled!
[    4.021479] Serial: 8250/16550 driver, 32 ports, IRQ sharing enabled
[    4.062544] 00:02: ttyS0 at I/O 0x3f8 (irq = 4, base_baud = 115200) is a 16550A
[    4.074626] Linux agpgart interface v0.103
[    4.088292] loop: module loaded
[    4.094716] scsi host0: ata_piix
[    4.098588] scsi host1: ata_piix
[    4.102319] ata1: PATA max UDMA/33 cmd 0x1f0 ctl 0x3f6 bmdma 0xd000 irq 14
[    4.111414] ata2: PATA max UDMA/33 cmd 0x170 ctl 0x376 bmdma 0xd008 irq 15
[    4.123948] libphy: Fixed MDIO Bus: probed
[    4.129037] tun: Universal TUN/TAP device driver, 1.6
[    4.136272] tun: (C) 1999-2004 Max Krasnyansky <maxk@qualcomm.com>
[    4.146245] PPP generic driver version 2.4.2
[    4.159016] ehci_hcd: USB 2.0 'Enhanced' Host Controller (EHCI) Driver
[    4.169857] ehci-pci: EHCI PCI platform driver
[    4.176846] ehci-platform: EHCI generic platform driver
[    4.184391] ohci_hcd: USB 1.1 'Open' Host Controller (OHCI) Driver
[    4.192571] ohci-pci: OHCI PCI platform driver
[    4.199543] ohci-platform: OHCI generic platform driver
[    4.208549] uhci_hcd: USB Universal Host Controller Interface driver
[    4.216987] i8042: PNP: PS/2 Controller [PNP0303:PS2K,PNP0f03:PS2M] at 0x60,0x64 irq 1,12
[    4.231946] serio: i8042 KBD port at 0x60,0x64 irq 1
[    4.238587] serio: i8042 AUX port at 0x60,0x64 irq 12
[    4.246280] mousedev: PS/2 mouse device common for all mice
[    4.255923] input: AT Translated Set 2 keyboard as /devices/platform/i8042/serio0/input/input2
[    4.268608] rtc_cmos rtc_cmos: rtc core: registered rtc_cmos as rtc0
[    4.276357] rtc_cmos rtc_cmos: alarms up to one day, 114 bytes nvram
[    4.349047] i2c /dev entries driver
[    4.355054] device-mapper: uevent: version 1.0.3
[    4.361874] device-mapper: ioctl: 4.34.0-ioctl (2015-10-28) initialised: dm-devel@redhat.com
[    4.372525] ledtrig-cpu: registered to indicate activity on CPUs
[    4.379880] NET: Registered protocol family 10
[    4.385448] NET: Registered protocol family 17
[    4.390297] Key type dns_resolver registered
[    4.396272] registered taskstats version 1
[    4.400740] Loading compiled-in X.509 certificates
[    4.408830] Loaded X.509 cert 'Build time autogenerated kernel key: cf00e047681d67edb2720680708b7d9498083038'
[    4.422876] zswap: loaded using pool lzo/zbud
[    4.430253] Key type trusted registered
[    4.439923] Key type encrypted registered
[    4.445675] AppArmor: AppArmor sha1 policy hashing enabled
[    4.455183] ima: No TPM chip found, activating TPM-bypass!
[    4.461144] ima: Allocated hash algorithm: sha1
[    4.466683] evm: HMAC attrs: 0x1
[    4.471285]   Magic number: 9:201:548
[    4.475370] tty ttyS24: hash matches
[    4.480308] rtc_cmos rtc_cmos: setting system clock to 2021-06-08 20:30:19 UTC (1623184219)
[    4.490398] BIOS EDD facility v0.16 2004-Jun-25, 0 devices found
[    4.497546] EDD information not available.
[    4.504397] Freeing unused kernel memory: 1492K
[    4.509291] Write protecting the kernel read-only data: 14336k
[    4.515825] Freeing unused kernel memory: 1584K
[    4.522086] Freeing unused kernel memory: 52K
Loading, please wait...
starting version 229
[    4.555768] random: udevadm: uninitialized urandom read (16 bytes read, 4 bits of entropy available)
[    4.566320] random: systemd-udevd: uninitialized urandom read (16 bytes read, 4 bits of entropy available)
[    4.581248] random: udevadm: uninitialized urandom read (16 bytes read, 4 bits of entropy available)
[    4.591283] random: systemd-udevd: uninitialized urandom read (16 bytes read, 4 bits of entropy available)
[    4.606134] random: systemd-udevd: uninitialized urandom read (16 bytes read, 4 bits of entropy available)
[    4.629582] random: systemd-udevd: uninitialized urandom read (16 bytes read, 4 bits of entropy available)
[    4.641447] random: udevadm: uninitialized urandom read (16 bytes read, 4 bits of entropy available)
[    4.654269] random: systemd-udevd: uninitialized urandom read (16 bytes read, 4 bits of entropy available)
[    4.668114] random: udevadm: uninitialized urandom read (16 bytes read, 4 bits of entropy available)
[    4.678820] random: systemd-udevd: uninitialized urandom read (16 bytes read, 4 bits of entropy available)
[    4.774955] Fusion MPT base driver 3.04.20
[    4.780706] Copyright (c) 1999-2008 LSI Corporation
[    4.804307] e1000: Intel(R) PRO/1000 Network Driver - version 7.3.21-k8-NAPI
[    4.812720] e1000: Copyright (c) 1999-2006 Intel Corporation.
[    4.894351] Fusion MPT SPI Host driver 3.04.20
[    5.130516] input: ImExPS/2 Generic Explorer Mouse as /devices/platform/i8042/serio1/input/input4
[    5.731672] e1000 0000:00:03.0 eth0: (PCI:33MHz:32-bit) 02:ed:98:3c:8e:82
[    5.742024] e1000 0000:00:03.0 eth0: Intel(R) PRO/1000 Network Connection
[    5.752915] mptbase: ioc0: Initiating bringup
[    5.828880] ioc0: LSI53C1030 A0: Capabilities={Initiator}
[    6.012850] scsi host2: ioc0: LSI53C1030 A0, FwRev=00000000h, Ports=1, MaxQ=256, IRQ=20
[    6.138844] scsi 2:0:0:0: Direct-Access     VBOX     HARDDISK         1.0  PQ: 0 ANSI: 5
[    6.150370] scsi target2:0:0: Beginning Domain Validation
[    6.165834] scsi target2:0:0: Domain Validation skipping write tests
[    6.174069] scsi target2:0:0: Ending Domain Validation
[    6.190817] scsi target2:0:0: asynchronous
[    6.229132] scsi 2:0:1:0: Direct-Access     VBOX     HARDDISK         1.0  PQ: 0 ANSI: 5
[    6.249315] scsi target2:0:1: Beginning Domain Validation
[    6.293459] scsi target2:0:1: Domain Validation skipping write tests
[    6.300784] scsi target2:0:1: Ending Domain Validation
[    6.327279] scsi target2:0:1: asynchronous
[    6.527178] sd 2:0:0:0: [sda] 83886080 512-byte logical blocks: (42.9 GB/40.0 GiB)
[    6.536637] sd 2:0:0:0: Attached scsi generic sg0 type 0
[    6.544165] sd 2:0:1:0: [sdb] 20480 512-byte logical blocks: (10.5 MB/10.0 MiB)
[    6.553265] sd 2:0:1:0: Attached scsi generic sg1 type 0
[    6.560200] sd 2:0:0:0: [sda] Write Protect is off
[    6.576514] sd 2:0:1:0: [sdb] Write Protect is off
[    6.582612] sd 2:0:0:0: [sda] Incomplete mode parameter data
[    6.588522] sd 2:0:0:0: [sda] Assuming drive cache: write through
[    6.605399] sd 2:0:1:0: [sdb] Incomplete mode parameter data
[    6.612059] sd 2:0:1:0: [sdb] Assuming drive cache: write through
[    6.690747]  sda: sda1
[    6.696936] sd 2:0:0:0: [sda] Attached SCSI disk
[    6.715614] sd 2:0:1:0: [sdb] Attached SCSI disk
[    7.156945] e1000 0000:00:08.0 eth1: (PCI:33MHz:32-bit) 08:00:27:8e:92:41
[    7.165811] e1000 0000:00:08.0 eth1: Intel(R) PRO/1000 Network Connection
[    7.175336] e1000 0000:00:03.0 enp0s3: renamed from eth0
[    7.183225] e1000 0000:00:08.0 enp0s8: renamed from eth1
Begin: Loading essential drivers ... [    8.940239] md: linear personality registered for level -1
[    8.954474] md: multipath personality registered for level -4
[    8.964683] md: raid0 personality registered for level 0
[    8.980735] md: raid1 personality registered for level 1
[    9.063159] raid6: sse2x1   gen()  9409 MB/s
[    9.150126] raid6: sse2x1   xor()  7232 MB/s
[    9.234725] raid6: sse2x2   gen() 11802 MB/s
[    9.322862] raid6: sse2x2   xor()  8549 MB/s
[    9.397936] raid6: sse2x4   gen() 13212 MB/s
[    9.471775] raid6: sse2x4   xor()  8778 MB/s
[    9.476780] raid6: using algorithm sse2x4 gen() 13212 MB/s
[    9.482706] raid6: .... xor() 8778 MB/s, rmw enabled
[    9.490212] raid6: using ssse3x2 recovery algorithm
[    9.498328] xor: measuring software checksum speed
[    9.610943]    prefetch64-sse: 44402.000 MB/sec
[    9.718142]    generic_sse: 40401.000 MB/sec
[    9.725959] xor: using function: prefetch64-sse (44402.000 MB/sec)
[    9.738943] async_tx: api initialized (async)
[    9.811736] md: raid6 personality registered for level 6
[    9.819050] md: raid5 personality registered for level 5
[    9.826692] md: raid4 personality registered for level 4
[    9.855558] md: raid10 personality registered for level 10
done.
Begin: Running /scripts/init-premount ... done.
Begin: Mounting root file system ... Begin: Running /scripts/local-top ... done.
Begin: Running /scripts/local-premount ... [    9.971558] Btrfs loaded
Scanning for Btrfs filesystems
done.
Warning: fsck not present, so skipping root file system
[   10.230202] EXT4-fs (sda1): mounted filesystem with ordered data mode. Opts: (null)
done.
Begin: Running /scripts/local-bottom ... done.
Begin: Running /scripts/init-bottom ... done.
[   10.725748] random: nonblocking pool is initialized
[   11.157207] systemd[1]: systemd 229 running in system mode. (+PAM +AUDIT +SELINUX +IMA +APPARMOR +SMACK +SYSVINIT +UTMP +LIBCRYPTSETUP +GCRYPT +GNUTLS +ACL +XZ -LZ4 +SECCOMP +BLKID +ELFUTILS +KMOD -IDN)
[   11.176834] systemd[1]: Detected virtualization oracle.
[   11.183097] systemd[1]: Detected architecture x86-64.

Welcome to [1mUbuntu 16.04.7 LTS[0m!

[   11.257881] systemd[1]: Set hostname to <ubuntu>.
[   11.289745] systemd[1]: Initializing machine ID from random generator.
[   11.297261] systemd[1]: Installed transient /etc/machine-id file.
[   12.820928] systemd[1]: Listening on LVM2 poll daemon socket.
[[0;32m  OK  [0m] Listening on LVM2 poll daemon socket.
[   12.840549] systemd[1]: Reached target User and Group Name Lookups.
[[0;32m  OK  [0m] Reached target User and Group Name Lookups.
[   12.860966] systemd[1]: Reached target Encrypted Volumes.
[[0;32m  OK  [0m] Reached target Encrypted Volumes.
[   12.877895] systemd[1]: Listening on Journal Audit Socket.
[[0;32m  OK  [0m] Listening on Journal Audit Socket.
[   12.892452] systemd[1]: Started Forward Password Requests to Wall Directory Watch.
[[0;32m  OK  [0m] Started Forward Password Requests to Wall Directory Watch.
[   12.911343] systemd[1]: Listening on fsck to fsckd communication Socket.
[[0;32m  OK  [0m] Listening on fsck to fsckd communication Socket.
[   12.928288] systemd[1]: Listening on Journal Socket (/dev/log).
[[0;32m  OK  [0m] Listening on Journal Socket (/dev/log).
[   12.942141] systemd[1]: Reached target Swap.
[[0;32m  OK  [0m] Reached target Swap.
[   12.957171] systemd[1]: Started Trigger resolvconf update for networkd DNS.
[[0;32m  OK  [0m] Started Trigger resolvconf update for networkd DNS.
[   12.974556] systemd[1]: Listening on LVM2 metadata daemon socket.
[[0;32m  OK  [0m] Listening on LVM2 metadata daemon socket.
[   12.989482] systemd[1]: Created slice User and Session Slice.
[[0;32m  OK  [0m] Created slice User and Session Slice.
[   13.004188] systemd[1]: Set up automount Arbitrary Executable File Formats File System Automount Point.
[[0;32m  OK  [0m] Set up automount Arbitrary Executab...ats File System Automount Point.
[   13.022702] systemd[1]: Listening on Device-mapper event daemon FIFOs.
[[0;32m  OK  [0m] Listening on Device-mapper event daemon FIFOs.
[   13.038435] systemd[1]: Reached target System Time Synchronized.
[[0;32m  OK  [0m] Reached target System Time Synchronized.
[   13.053254] systemd[1]: Listening on udev Control Socket.
[[0;32m  OK  [0m] Listening on udev Control Socket.
[   13.067446] systemd[1]: Listening on Journal Socket.
[[0;32m  OK  [0m] Listening on Journal Socket.
[   13.084220] systemd[1]: Listening on udev Kernel Socket.
[[0;32m  OK  [0m] Listening on udev Kernel Socket.
[   13.099309] systemd[1]: Created slice System Slice.
[[0;32m  OK  [0m] Created slice System Slice.
[   13.119094] systemd[1]: Mounting POSIX Message Queue File System...
         Mounting POSIX Message Queue File System...
[   13.140396] systemd[1]: Created slice system-serial\x2dgetty.slice.
[[0;32m  OK  [0m] Created slice system-serial\x2dgetty.slice.
[   13.173582] systemd[1]: Starting Nameserver information manager...
         Starting Nameserver information manager...
[   13.195377] systemd[1]: Starting Create list of required static device nodes for the current kernel...
         Starting Create list of required st... nodes for the current kernel...
[   13.253491] systemd[1]: Starting Load Kernel Modules...
         Starting Load Kernel Modules...
[   13.267913] systemd[1]: Starting Monitoring of LVM2 mirrors, snapshots etc. using dmeventd or progress polling...
         Starting Monitoring of LVM2 mirrors... dmeventd or progress polling...
[   13.290389] systemd[1]: Mounting Huge Pages File System...
         Mounting Huge Pages File System...
[   13.307058] systemd[1]: Starting File System Check on Root Device...
         Starting File System Check on Root Device...
[   13.374897] systemd[1]: Starting Uncomplicated firewall...
         Starting Uncomplicated firewall...
[   13.389888] systemd[1]: Starting Set console keymap...
         Starting Set console keymap...
[   13.404497] systemd[1]: Mounting Debug File System...
         Mounting Debug File System...
[   13.420331] systemd[1]: Reached target Slices.
[[0;32m  OK  [0m] Reached target Slices.
[   13.444238] systemd[1]: Listening on Syslog Socket.
[   13.462920] Loading iSCSI transport class v2.0-870.
[[0;32m  OK  [0m] Listening on Syslog Socket.
[   13.477038] systemd[1]: Starting Journal Service...
         Starting Journal Service...
[   13.496639] systemd[1]: Listening on /dev/initctl Compatibility Named Pipe.
[[0;32m  OK  [0m] Listening on /dev/initctl Compatibility Named Pipe.
[   13.515726] systemd[1]: Mounted POSIX Message Queue File System.
[[0;32m  OK  [0m] Mounted POSIX Message Queue File System.
[   13.534946] systemd[1]: Mounted Debug File System.
[[0;32m  OK  [0m] Mounted Debug File System.
[   13.552335] systemd[1]: Mounted Huge Pages File System.
[[0;32m  OK  [0m] Mounted Huge Pages File System.
[   13.568863] systemd[1]: Started Create list of required static device nodes for the current kernel.
[   13.592578] iscsi: registered transport (tcp)
[[0;32m  OK  [0m] Started Create list of required sta...ce nodes for the current kernel.
[   13.622408] systemd[1]: Started Uncomplicated firewall.
[[0;32m  OK  [0m] Started Uncomplicated firewall.
[   13.654873] systemd[1]: Started Nameserver information manager.
[[0;32m  OK  [0m] Started Nameserver information manager.
[   13.694364] systemd[1]: Started LVM2 metadata daemon.
[[0;32m  OK  [0m] Started LVM2 metadata daemon.
[   13.724858] systemd[1]: Started File System Check Daemon to report status.
[[0;32m  OK  [0m] Started File System Check Daemon to report status.
[   13.759061] systemd[1]: Starting Create Static Device Nodes in /dev...
         Starting Create Static Device Nodes in /dev...
[   13.795104] systemd[1]: Started File System Check on Root Device.
[[0;32m  OK  [0m] Started File System Check on Root Device.
[   13.824446] systemd[1]: Started Set console keymap.
[[0;32m  OK  [0m] Started Set console keymap.
[   13.840305] systemd[1]: Started Journal Service.
[[0;32m  OK  [0m] Started Journal Service.
         Starting Remount Root and Kernel File Systems...
[   13.914841] EXT4-fs (sda1): re-mounted. Opts: (null)
[[0;32m  OK  [0m] Started Remount Root and Kernel File Systems.
         Starting Flush Journal to Persistent Storage...
         [   13.952309] iscsi: registered transport (iser)
Starting Load/Save Random Seed...
         Starting udev Coldplug all Devices...
[[0;32m  OK  [0m] Started Load Kernel Modules.
[   14.038437] systemd-journald[378]: Received request to flush runtime journal from PID 1
         Mounting FUSE Control File System...
         Starting Apply Kernel Variables...
[[0;32m  OK  [0m] Mounted FUSE Control File System.
[[0;32m  OK  [0m] Started Load/Save Random Seed.
[[0;32m  OK  [0m] Started Flush Journal to Persistent Storage.
[[0;32m  OK  [0m] Started udev Coldplug all Devices.
[[0;32m  OK  [0m] Started Apply Kernel Variables.
[[0;32m  OK  [0m] Started Monitoring of LVM2 mirrors,...ng dmeventd or progress polling.
[[0;32m  OK  [0m] Started Create Static Device Nodes in /dev.
         Starting udev Kernel Device Manager...
[[0;32m  OK  [0m] Reached target Local File Systems (Pre).
[[0;32m  OK  [0m] Reached target Local File Systems.
         Starting Tell Plymouth To Write Out Runtime Data...
         Starting Create Volatile Files and Directories...
         Starting Commit a transient machine-id on disk...
         Starting LSB: AppArmor initialization...
         Starting Initial cloud-init job (pre-networking)...
         Starting Set console font and keymap...
[[0;32m  OK  [0m] Started Commit a transient machine-id on disk.
[[0;32m  OK  [0m] Started Tell Plymouth To Write Out Runtime Data.
[[0;32m  OK  [0m] Started Create Volatile Files and Directories.
         Starting Update UTMP about System Boot/Shutdown...
[[0;32m  OK  [0m] Started Update UTMP about System Boot/Shutdown.
[[0;32m  OK  [0m] Started udev Kernel Device Manager.
[[0;32m  OK  [0m] Started Dispatch Password Requests to Console Directory Watch.
[[0;32m  OK  [0m] Found device /dev/ttyS0.
[[0;32m  OK  [0m] Listening on Load/Save RF Kill Switch Status /dev/rfkill Watch.
[[0;32m  OK  [0m] Started Set console font and keymap.
[[0;32m  OK  [0m] Created slice system-getty.slice.
[[0;32m  OK  [0m] Started LSB: AppArmor initialization.
         Starting Load AppArmor profiles managed internally by snapd...
[[0;32m  OK  [0m] Started Load AppArmor profiles managed internally by snapd.
[   19.218449] cloud-init[470]: Cloud-init v. 21.1-19-gbad84ad4-0ubuntu1~16.04.2 running 'init-local' at Tue, 08 Jun 2021 20:30:35 +0000. Up 18.43 seconds.
[[0;32m  OK  [0m] Started Initial cloud-init job (pre-networking).
[[0;32m  OK  [0m] Reached target Network (Pre).
         Starting Raise network interfaces...
[[0;32m  OK  [0m] Started Raise network interfaces.
[[0;32m  OK  [0m] Reached target Network.
         Starting Initial cloud-init job (metadata service crawler)...
[   23.109318] cloud-init[929]: Cloud-init v. 21.1-19-gbad84ad4-0ubuntu1~16.04.2 running 'init' at Tue, 08 Jun 2021 20:30:37 +0000. Up 20.03 seconds.
[   23.133781] cloud-init[929]: ci-info: ++++++++++++++++++++++++++++++++++++++Net device info+++++++++++++++++++++++++++++++++++++++
[   23.158528] cloud-init[929]: ci-info: +--------+-------+----------------------------+---------------+--------+-------------------+
[   23.180297] cloud-init[929]: ci-info: | Device |   Up  |          Address           |      Mask     | Scope  |     Hw-Address    |
[   23.196904] cloud-init[[0;32m  OK  [0m[929]: ci-info: +--------+-------+----------------------------+---------------+--------+-------------------+] Started Initial cloud-init job (metadata service crawler).
[[0;32m  OK  [0m] Reached target Network is Online.
[   23.222843] cloud-init
         Starting iSCSI initiator daemon (iscsid)...[929]: ci-info: | enp0s3 |  True |         10.0.2.15          | 255.255.255.0 | global | 02:ed:98:3c:8e:82 |
[
[   23.238105] cloud-init[929]: [0;32m  OK  [0m] Reached target Cloud-config availability.ci-info: | enp0s3 |  True | fe80::ed:98ff:fe3c:8e82/64 |       .       |  link  | 02:ed:98:3c:8e:82 |
[[0;32m  OK  [0m] Reached target System Initialization.
[
[   23.261416] cloud-init[929]: [0;32m  OK  [0m] Started Daily Cleanup of Temporary Directories.ci-info: | enp0s8 | False |             .              |       .       |   .    | 08:00:27:8e:92:41 |
[[0;32m  OK  [0m] 
Started Daily apt download activities.[   23.282349] cloud-init
[[0;32m  OK  [0m] [929]: ci-info: |   lo   |  True |         127.0.0.1          |   255.0.0.0   |  host  |         .         |Listening on UUID daemon activation socket.

[   23.305447] cloud-init[929]:          Starting LXD - unix socket.
[ci-info: |   lo   |  True |          ::1/128           |       .       |  host  |         .         |[0;32m  OK  [0m] Started Daily apt upgrade and clean activities.

[   23.330906] [[0;32m  OK  [0m] Listening on ACPID Listen Socket.cloud-init[929]: ci-info: +--------+-------+----------------------------+---------------+--------+-------------------+
         
[   23.345631] cloud-init[929]: Starting Socket activation for snappy daemon.
[ci-info: +++++++++++++++++++++++++++Route IPv4 info++++++++++++++++++++++++++++
[0;32m  OK  [0m] Started Message of the Day.[   23.360889] cloud-init[929]: ci-info: +-------+-------------+----------+---------------+-----------+-------+
[[0;32m  OK  [0m] Reached target Timers.
[
[   23.377976] cloud-init[0;32m  OK  [0m] Listening on D-Bus System Message Bus Socket.[929]: ci-info: | Route | Destination | Gateway  |    Genmask    | Interface | Flags |

[   23.391756] [[0;32m  OK  [0m] Started ACPI Events Check.
cloud-init[929]: [[0;32m  OK  [0m] Reached target Paths.ci-info: +-------+-------------+----------+---------------+-----------+-------+
[[0;32m  OK  [0m
[   23.423147] ] Listening on LXD - unix socket.
cloud-init[929]: ci-info: |   0   |   0.0.0.0   | 10.0.2.2 |    0.0.0.0    |   enp0s3  |   UG  |[[0;32m  OK  [0m] Listening on Socket activation for snappy daemon.

[   23.442161] cloud-init[[0;32m  OK  [0m] Reached target Sockets.[929]: ci-info: |   1   |   10.0.2.0  | 0.0.0.0  | 255.255.255.0 |   enp0s3  |   U   |
[[0;32m  OK  [0m] 
[   23.459042] Reached target Basic System.
cloud-init[929]: ci-info: +-------+-------------+----------+---------------+-----------+-------+
[   23.470965] cloud-init[929]: ci-info: +++++++++++++++++++Route IPv6 info+++++++++++++++++++[[0;32m  OK  [0m] Started Regular background program processing daemon.
[   23.489523] 
         cloud-init[929]: ci-info: +-------+-------------+---------+-----------+-------+
Starting Login Service...
         [   23.517541] cloud-init[929]: Starting Accounts Service...
ci-info: | Route | Destination | Gateway | Interface | Flags |         
[   23.534682] cloud-initStarting /etc/rc.local Compatibility...[929]: ci-info: +-------+-------------+---------+-----------+-------+
         
[   23.559265] Starting LSB: MD monitoring daemon...
cloud-init         Starting System Logging Service...
         Starting Snap Daemon...
[929]: ci-info: |   0   |  fe80::/64  |    ::   |   enp0s3  |   U   |[[0;32m  OK  [0m] 
Started FUSE filesystem for LXC.
[   23.629801] [[0;32m  OK  [0m] cloud-init[929]: ci-info: |   3   |   ff00::/8  |    ::   |   enp0s3  |   U   |Started Deferred execution scheduler.
         Starting Virtualbox guest utils...
[   23.651217] 
cloud-init[929]: ci-info: +-------+-------------+---------+-----------+-------+
[   23.670166] cloud-init[[0;32m  OK  [0m] Started ACPI event daemon.[929]: 
Generating public/private rsa key pair.         Starting LSB: Record successful boot for GRUB...
[   23.695765] cloud-init[929]: Your identification has been saved in /etc/ssh/ssh_host_rsa_key.
[[0;32m  OK  [0m] Started D-Bus System Message Bus.

[   23.727815] cloud-init[929]: Your public key has been saved in /etc/ssh/ssh_host_rsa_key.pub.
[   23.742125] cloud-init[929]: The key fingerprint is:
[   23.750783] cloud-init[929]: SHA256:DSZH/hygGlWt0R5E/CPPGfJ6kZYhehDI97LTTEKVAQM root@ubuntu-xenial
[   23.760978] cloud-init[929]: The key's randomart image is:
[   23.770124] cloud-init[929]: +---[RSA 2048]----+
[   23.783913] cloud-init[929]: |     .E+*O=o     |
[   23.795066] cloud-init[929]: |     .o+=o*      |
[   23.802704] cloud-init[929]: |    . oo=*.o     |
[   23.811950] cloud-init[929]: |     o +==B.=    |
[   23.822988] cloud-init[929]: |    .   SX+B B   |
[   23.831511] cloud-init[929]: |        + + X    |
[   23.840388] cloud-init[929]: |         o o .   |
[   23.849239] cloud-init[929]: |          . .    |
[   23.858993] cloud-init[929]: |           .     |
[   23.876131] cloud-init[929]: +----[SHA256]-----+
[   23.885733] cloud-init[929]: Generating public/private dsa key pair.
[   23.896568] cloud-init[929]: Your identification has been saved in /etc/ssh/ssh_host_dsa_key.
[   23.909738] cloud-init[929]: Your public key has been saved in /etc/ssh/ssh_host_dsa_key.pub.
[   23.927383] cloud-init[929]: The key fingerprint is:
[   23.946450] cloud-init[929]: SHA256:AhF/PSCbP+iZL1Zgpt0P1fSfDIaRxq4X5rZZoGGv/Ao root@ubuntu-xenial
[   23.959759] cloud-init[929]: The key's randomart image is:
[   23.967979] cloud-init[929]: +---[DSA 1024]----+
[   23.976913] cloud-init[929]: |    o.. . . .    |
[   23.985547] cloud-init[929]: |     o + o =.    |
[   24.002920] cloud-init[929]: |    . + . =oo.   |
[   24.018072] cloud-init[929]: |     .++ o.B.o.  |
[   24.029908] cloud-init[929]: |     =ooS.B + o..|
[   24.039710] cloud-init[929]: |    ...+++ = . o.|
[   24.051260] cloud-init[929]: |      +E.o+ +    |
[   24.060596] cloud-init[929]: |      o..o.o     |
[   24.070122] cloud-init[929]: |     . ...o.     |
[   24.082330] cloud-init[929]: +----[SHA256]-----+
[   24.090899] cloud-init[929]: Generating public/private ecdsa key pair.
[   24.123479] cloud-init[929]: Your identification has been saved in /etc/ssh/ssh_host_ecdsa_key.
[   24.149581] cloud-init[929]: Your public key has been saved in /etc/ssh/ssh_host_ecdsa_key.pub.
[   24.165241] cloud-init[929]: The key fingerprint is:
[   24.189061] cloud-init[929]: SHA256:5x25kaMLh83aO4kGcqNWUCrfeafxSIS0nuRWmFcCo40 root@ubuntu-xenial
[   24.207898] cloud-init[929]: The key's randomart image is:
[   24.229263] cloud-init[929]: +---[ECDSA 256]---+
[   24.242328] cloud-init[929]: |      o.         |
[   24.252235] cloud-init[929]: |     +o.. .      |
[   24.262104] cloud-init[929]: |    E+.= o       |
[   24.270574] cloud-init[929]: |  . o * +    o   |
[   24.279225] cloud-init[929]: |   o * *S . *    |
[   24.288141] cloud-init[929]: |    o % +*.o =   |
[   24.300847] cloud-init[929]: |     * =oB*.o    |
[   24.313022] cloud-init[929]: |    o   ==+.     |
[   24.325513] cloud-init[929]: |   .   .. +o     |
[   24.351671] cloud-init[929]: +----[SHA256]-----+
[   24.359820] cloud-init[929]:          Generating public/private ed25519 key pair.
Starting Pollinate to seed the pseudo random number generator...
         Starting LXD - container startup/shutdown...
[[0;32m  OK  [0m] Started System Logging Service.[   24.450977] 
[[0;32m  OK  [0m] Started iSCSI initiator daemon (iscsid).
cloud-init[929]: Your identification has been saved in /etc/ssh/ssh_host_ed25519_key.[[0;32m  OK  [0m
] Started /etc/rc.local Compatibility.
[   24.496586] cloud-init[929]: Your public key has been saved in /etc/ssh/ssh_host_ed25519_key.pub.
[   24.534148] cloud-init[929]: The key fingerprint is:
[   24.555269] cloud-init[929]: SHA256:+zKyeQIpHDcE18S8jn/7STzlbWaXQIzVxWfS/xuJquo root@ubuntu-xenial[[0;32m  OK  [0m] Started Login Service.
[[0;32m  OK  [0m] Started Unattended Upgrades Shutdown.

         [   24.654998] Starting Login to default iSCSI targets...
cloud-init[929]: The key's randomart image is:
[   24.748340] cloud-init[929]: +--[ED25519 256]--+
[   24.780049] cloud-init[929]: |  ...=.      ..oo|
[   24.803978] cloud-init[929]: |   .. +     + ..=|
[   24.824774]          Starting Authenticate and Authorize Users to Run Privileged Tasks...
cloud-init[929]: |   .   .   . o oo|
[   24.895566] cloud-init[929]: |  . o .     .   .|
[   24.926109] cloud-init[929]: | . o =  S   ... o|
[   24.983253] cloud-init[929]: |  o + .  o o o.oo|
[   25.049232] cloud-init[929]: |   . o  . + o =.+|[[0;32m  OK  [0m
] Started Login to default iSCSI targets.
[[0;32m  OK  [0m] [   25.126245] Reached target Remote File Systems (Pre).
[[0;32m  OK  [0m] Reached target Remote File Systems.cloud-init
         Starting LSB: automatic crash report generation...
         [929]: Starting LSB: daemon to balance interrupts for SMP systems...
         Starting LSB: Set the CPU Frequency Scaling governor to "ondemand"...
         Starting Permit User Sessions...
[[0;32m  OK  [0m] |      +.=o + + o |Started LSB: MD monitoring daemon.
[[0;32m  OK  [0m] Started LSB: Record successful boot for GRUB.
[   25.329615] cloud-init
[929]: [[0;32m  OK  [0m] Started LSB: Set the CPU Frequency Scaling governor to "ondemand".
|      +Eo*=      |
[   25.395107] cloud-init[929]: +----[SHA256]-----+
[[0;32m  OK  [0m] Started Permit User Sessions.
         Starting Hold until boot process finishes up...
         Starting Terminate Plymouth Boot Screen...
[[0;32m  OK  [0m] Started Hold until boot process finishes up.
[[0;32m  OK  [0m] Started Terminate Plymouth Boot Screen.
[[0;32m  OK  [0m] Started Authenticate and Authorize Users to Run Privileged Tasks.
[[0;32m  OK  [0m] Started Accounts Service.
         Starting Set console scheme...
[[0;32m  OK  [0m] Started Getty on tty1.
[[0;32m  OK  [0m] Started Serial Getty on ttyS0.
[[0;32m  OK  [0m] Reached target Login Prompts.
[[0;32m  OK  [0m] Started LSB: automatic crash report generation.
[[0;32m  OK  [0m] Started Set console scheme.
[[0;32m  OK  [0m] Started Virtualbox guest utils.
[[0;32m  OK  [0m] Started LSB: daemon to balance interrupts for SMP systems.
[[0;32m  OK  [0m] Started Snap Daemon.
         Starting Wait until snapd is fully seeded...
[[0;32m  OK  [0m] Started LXD - container startup/shutdown.
[[0;32m  OK  [0m] Started Pollinate to seed the pseudo random number generator.
         Starting OpenBSD Secure Shell server...
[[0;32m  OK  [0m] Started OpenBSD Secure Shell server.
[[0;32m  OK  [0m] Created slice User Slice of vagrant.
         Starting User Manager for UID 1000...
[[0;32m  OK  [0m] Started Session 1 of user vagrant.
[[0;32m  OK  [0m] Started User Manager for UID 1000.

Ubuntu 16.04.7 LTS ubuntu-xenial ttyS0

ubuntu-xenial login: [   37.685228] cloud-init[1498]: Generating locales (this might take a while)...
[   40.540071] cloud-init[1498]:   en_US.UTF-8... done
[   40.566973] cloud-init[1498]: Generation complete.
[   42.481419] cloud-init[1498]: Cloud-init v. 21.1-19-gbad84ad4-0ubuntu1~16.04.2 running 'modules:config' at Tue, 08 Jun 2021 20:30:53 +0000. Up 36.09 seconds.
ci-info: no authorized SSH keys fingerprints found for user ubuntu.
<14>Jun  8 20:31:02 ec2: 
<14>Jun  8 20:31:02 ec2: #############################################################
<14>Jun  8 20:31:02 ec2: -----BEGIN SSH HOST KEY FINGERPRINTS-----
<14>Jun  8 20:31:02 ec2: 1024 SHA256:AhF/PSCbP+iZL1Zgpt0P1fSfDIaRxq4X5rZZoGGv/Ao root@ubuntu-xenial (DSA)
<14>Jun  8 20:31:02 ec2: 256 SHA256:5x25kaMLh83aO4kGcqNWUCrfeafxSIS0nuRWmFcCo40 root@ubuntu-xenial (ECDSA)
<14>Jun  8 20:31:02 ec2: 256 SHA256:+zKyeQIpHDcE18S8jn/7STzlbWaXQIzVxWfS/xuJquo root@ubuntu-xenial (ED25519)
<14>Jun  8 20:31:02 ec2: 2048 SHA256:DSZH/hygGlWt0R5E/CPPGfJ6kZYhehDI97LTTEKVAQM root@ubuntu-xenial (RSA)
<14>Jun  8 20:31:02 ec2: -----END SSH HOST KEY FINGERPRINTS-----
<14>Jun  8 20:31:02 ec2: #############################################################
-----BEGIN SSH HOST KEY KEYS-----
ecdsa-sha2-nistp256 AAAAE2VjZHNhLXNoYTItbmlzdHAyNTYAAAAIbmlzdHAyNTYAAABBBDdzpEntGPzqJF6DSz3F1EZ9MYLtSiiN25Oia8MD51H7ln1oyp8zw1Y3N/8VXCbju+3JRA3vHwuKzqDbd4EZo0E= root@ubuntu-xenial
ssh-ed25519 AAAAC3NzaC1lZDI1NTE5AAAAILKDw+BuqmGzhNDvrJi7RppirlhiJv4U5sSDEZDl4yWJ root@ubuntu-xenial
ssh-rsa AAAAB3NzaC1yc2EAAAADAQABAAABAQDoI/FWqsxiPKOBZXE8m7fZ2CgLnPePLdDGaRYOgy9hWq2jpPwa38bK6F3VUX64aH/3+8Mq77YTszOhsIBY7wQBhypiAVyAlEsPqhmTc0GRUiy8QIk25NGuANWhTxIqBJsxxEHfwVGYLHBupHa2j4Z/KZMC0JlK5BVb8M3ioGnHjcDNG4AORfdNvvlUz9Q8JWnawITbrrXSXDKjoypF5dT41HzoaSANjc5bcxS3mwS5XS6BsXuDsyfrlxmNx+NYXT96iu6rCVCa4uluFui3IuyxnAciX8pDWq2Es37cARe4bDH1+lSfFL1Rr0V5GiOKxpIBpgFBjpG/zSPiyPwNIkv3 root@ubuntu-xenial
-----END SSH HOST KEY KEYS-----
[   45.791088] cloud-init[1928]: Cloud-init v. 21.1-19-gbad84ad4-0ubuntu1~16.04.2 running 'modules:final' at Tue, 08 Jun 2021 20:30:59 +0000. Up 42.97 seconds.
[   45.815137] cloud-init[1928]: ci-info: no authorized SSH keys fingerprints found for user ubuntu.
[   45.846478] cloud-init[1928]: Cloud-init v. 21.1-19-gbad84ad4-0ubuntu1~16.04.2 finished at Tue, 08 Jun 2021 20:31:02 +0000. Datasource DataSourceNoCloud [seed=/dev/sdb][dsmode=net].  Up 45.78 seconds
